<?xml version="1.0" encoding="UTF-8"?>
<!-- Generated by org.testng.reporters.JUnitXMLReporter -->
<testsuite ignored="0" hostname="AshrafAnsari" failures="0" tests="3" name="All Tests" time="28.704" errors="0" timestamp="2026-05-02T13:53:45 IST">
  <testcase classname="tests.HomeTests" name="testLogo" time="0.2"/>
  <testcase classname="tests.HomeTests" name="testPopupClose" time="7.723"/>
  <testcase classname="tests.HomeTests" name="testFacebookIcon" time="0.189"/>
</testsuite> <!-- All Tests -->
