<?xml version="1.0" encoding="UTF-8"?>
<!-- Generated by org.testng.reporters.JUnitXMLReporter -->
<testsuite ignored="0" hostname="AshrafAnsari" failures="0" tests="3" name="All Tests" time="46.254" errors="0" timestamp="2026-04-14T23:04:40 IST">
  <testcase classname="tests.EzLifeTests" name="testHomePageTitleAndLogo" time="0.453"/>
  <testcase classname="tests.EzLifeTests" name="testPopupClosed" time="10.742"/>
  <testcase classname="tests.EzLifeTests" name="verifyClickProductOnHomePage" time="3.572"/>
</testsuite> <!-- All Tests -->
