<?xml version="1.0" encoding="UTF-8"?>
<!-- Generated by org.testng.reporters.JUnitXMLReporter -->
<testsuite ignored="1" hostname="AshrafAnsari" failures="0" tests="1" name="TC_01 - Homepage Title and Logo Test" time="10.971" errors="0" timestamp="2026-03-29T16:01:40 IST">
  <testcase classname="tests.EzLifeTests" name="testHomePageTitleAndLogo" time="0.15"/>
  <testcase classname="tests.EzLifeTests" name="testPopupClosed" time="0.0">
    <ignored/>
  </testcase> <!-- testPopupClosed -->
</testsuite> <!-- TC_01 - Homepage Title and Logo Test -->
