<?xml version="1.0" encoding="UTF-8"?>
<!-- Generated by org.testng.reporters.JUnitXMLReporter -->
<testsuite ignored="0" hostname="AshrafAnsari" failures="0" tests="15" name="Default test" time="185.555" errors="0" timestamp="2026-05-03T23:11:34 IST">
  <testcase classname="tests.HomeTests" name="testLogo" time="0.193"/>
  <testcase classname="tests.HomeTests" name="testPopupClose" time="12.183"/>
  <testcase classname="tests.HomeTests" name="testFacebookIcon" time="2.894"/>
  <testcase classname="tests.HomeTests" name="testHoverHeaderMenu" time="10.466"/>
  <testcase classname="tests.HomeTests" name="testHoverHeaderMenu" time="10.344"/>
  <testcase classname="tests.HomeTests" name="testHoverHeaderMenu" time="10.357"/>
  <testcase classname="tests.HomeTests" name="testHoverHeaderMenu" time="10.338"/>
  <testcase classname="tests.HomeTests" name="testHoverHeaderMenu" time="10.339"/>
  <testcase classname="tests.HomeTests" name="testHoverHeaderMenu" time="10.344"/>
  <testcase classname="tests.HomeTests" name="clickHealthAndWellness" time="11.826"/>
  <testcase classname="tests.HomeTests" name="clickRespiratoryCare" time="11.389"/>
  <testcase classname="tests.HomeTests" name="clickMobilityAndPatientAid" time="11.254"/>
  <testcase classname="tests.HomeTests" name="clickPersonalCareAndHygiene" time="12.239"/>
  <testcase classname="tests.HomeTests" name="clickOrthopedicSupport" time="11.21"/>
  <testcase classname="tests.HomeTests" name="clickWeighingScales" time="11.216"/>
</testsuite> <!-- Default test -->
