<?xml version="1.0" encoding="UTF-8"?>
<!-- Generated by org.testng.reporters.JUnitXMLReporter -->
<testsuite ignored="0" hostname="AshrafAnsari" failures="0" tests="9" name="Default test" time="105.753" errors="0" timestamp="2026-05-03T16:24:06 IST">
  <testcase classname="tests.HomeTests" name="testLogo" time="0.163"/>
  <testcase classname="tests.HomeTests" name="testPopupClose" time="12.311"/>
  <testcase classname="tests.HomeTests" name="testFacebookIcon" time="0.16"/>
  <testcase classname="tests.HomeTests" name="testHoverHeaderMenu" time="10.383"/>
  <testcase classname="tests.HomeTests" name="testHoverHeaderMenu" time="10.298"/>
  <testcase classname="tests.HomeTests" name="testHoverHeaderMenu" time="10.357"/>
  <testcase classname="tests.HomeTests" name="testHoverHeaderMenu" time="10.446"/>
  <testcase classname="tests.HomeTests" name="testHoverHeaderMenu" time="11.812"/>
  <testcase classname="tests.HomeTests" name="testHoverHeaderMenu" time="10.374"/>
</testsuite> <!-- Default test -->
