<?xml version="1.0" encoding="UTF-8"?>
<!-- Generated by org.testng.reporters.JUnitXMLReporter -->
<testsuite ignored="0" hostname="AshrafAnsari" failures="0" tests="3" name="All Tests" time="44.633" errors="0" timestamp="2026-05-03T14:16:59 IST">
  <testcase classname="tests.HomeTests" name="testLogo" time="3.916"/>
  <testcase classname="tests.HomeTests" name="testPopupClose" time="7.425"/>
  <testcase classname="tests.HomeTests" name="testFacebookIcon" time="0.264"/>
</testsuite> <!-- All Tests -->
