<?xml version="1.0" encoding="UTF-8"?>
<testng-results ignored="0" total="3" passed="3" failed="0" skipped="0">
  <reporter-output>
  </reporter-output>
  <suite started-at="2026-05-02T13:53:16 IST" name="EzLife Suite" finished-at="2026-05-02T13:53:45 IST" duration-ms="28704">
    <groups>
    </groups>
    <test started-at="2026-05-02T13:53:16 IST" name="All Tests" finished-at="2026-05-02T13:53:45 IST" duration-ms="28704">
      <class name="tests.HomeTests">
        <test-method is-config="true" signature="setUp()[pri:0, instance:tests.HomeTests@79ab3a71]" started-at="2026-05-02T13:53:16 IST" name="setUp" finished-at="2026-05-02T13:53:24 IST" duration-ms="7317" status="PASS">
          <reporter-output>
          </reporter-output>
        </test-method> <!-- setUp -->
        <test-method is-config="true" signature="openHome()[pri:0, instance:tests.HomeTests@79ab3a71]" started-at="2026-05-02T13:53:24 IST" name="openHome" finished-at="2026-05-02T13:53:32 IST" duration-ms="7771" status="PASS">
          <reporter-output>
          </reporter-output>
        </test-method> <!-- openHome -->
        <test-method signature="testLogo()[pri:1, instance:tests.HomeTests@79ab3a71]" started-at="2026-05-02T13:53:32 IST" name="testLogo" finished-at="2026-05-02T13:53:32 IST" duration-ms="200" status="PASS">
          <reporter-output>
          </reporter-output>
        </test-method> <!-- testLogo -->
        <test-method is-config="true" signature="openHome()[pri:0, instance:tests.HomeTests@79ab3a71]" started-at="2026-05-02T13:53:32 IST" name="openHome" finished-at="2026-05-02T13:53:33 IST" duration-ms="908" status="PASS">
          <reporter-output>
          </reporter-output>
        </test-method> <!-- openHome -->
        <test-method signature="testPopupClose()[pri:2, instance:tests.HomeTests@79ab3a71]" started-at="2026-05-02T13:53:33 IST" name="testPopupClose" finished-at="2026-05-02T13:53:41 IST" duration-ms="7723" status="PASS">
          <reporter-output>
          </reporter-output>
        </test-method> <!-- testPopupClose -->
        <test-method is-config="true" signature="openHome()[pri:0, instance:tests.HomeTests@79ab3a71]" started-at="2026-05-02T13:53:41 IST" name="openHome" finished-at="2026-05-02T13:53:42 IST" duration-ms="800" status="PASS">
          <reporter-output>
          </reporter-output>
        </test-method> <!-- openHome -->
        <test-method signature="testFacebookIcon()[pri:3, instance:tests.HomeTests@79ab3a71]" started-at="2026-05-02T13:53:42 IST" name="testFacebookIcon" finished-at="2026-05-02T13:53:42 IST" duration-ms="189" status="PASS">
          <reporter-output>
          </reporter-output>
        </test-method> <!-- testFacebookIcon -->
        <test-method is-config="true" signature="tearDown()[pri:0, instance:tests.HomeTests@79ab3a71]" started-at="2026-05-02T13:53:42 IST" name="tearDown" finished-at="2026-05-02T13:53:45 IST" duration-ms="3034" status="PASS">
          <reporter-output>
          </reporter-output>
        </test-method> <!-- tearDown -->
      </class> <!-- tests.HomeTests -->
    </test> <!-- All Tests -->
  </suite> <!-- EzLife Suite -->
</testng-results>
