<?xml version="1.0" encoding="UTF-8"?>
<testng-results ignored="0" total="15" passed="15" failed="0" skipped="0">
  <reporter-output>
  </reporter-output>
  <suite started-at="2026-05-03T23:44:26 IST" name="Default suite" finished-at="2026-05-03T23:47:25 IST" duration-ms="179109">
    <groups>
    </groups>
    <test started-at="2026-05-03T23:44:26 IST" name="Default test" finished-at="2026-05-03T23:47:25 IST" duration-ms="179109">
      <class name="tests.HomeTests">
        <test-method is-config="true" signature="setUp()[pri:0, instance:tests.HomeTests@79c5636f]" started-at="2026-05-03T23:44:26 IST" name="setUp" finished-at="2026-05-03T23:44:32 IST" duration-ms="5784" status="PASS">
          <reporter-output>
          </reporter-output>
        </test-method> <!-- setUp -->
        <test-method is-config="true" signature="openHome()[pri:0, instance:tests.HomeTests@79c5636f]" started-at="2026-05-03T23:44:32 IST" name="openHome" finished-at="2026-05-03T23:44:39 IST" duration-ms="6521" status="PASS">
          <reporter-output>
          </reporter-output>
        </test-method> <!-- openHome -->
        <test-method signature="testLogo()[pri:1, instance:tests.HomeTests@79c5636f]" started-at="2026-05-03T23:44:39 IST" name="testLogo" finished-at="2026-05-03T23:44:39 IST" duration-ms="285" status="PASS">
          <reporter-output>
          </reporter-output>
        </test-method> <!-- testLogo -->
        <test-method is-config="true" signature="openHome()[pri:0, instance:tests.HomeTests@79c5636f]" started-at="2026-05-03T23:44:39 IST" name="openHome" finished-at="2026-05-03T23:44:40 IST" duration-ms="1113" status="PASS">
          <reporter-output>
          </reporter-output>
        </test-method> <!-- openHome -->
        <test-method signature="testPopupClose()[pri:2, instance:tests.HomeTests@79c5636f]" started-at="2026-05-03T23:44:40 IST" name="testPopupClose" finished-at="2026-05-03T23:44:53 IST" duration-ms="12209" status="PASS">
          <reporter-output>
          </reporter-output>
        </test-method> <!-- testPopupClose -->
        <test-method is-config="true" signature="openHome()[pri:0, instance:tests.HomeTests@79c5636f]" started-at="2026-05-03T23:44:53 IST" name="openHome" finished-at="2026-05-03T23:44:55 IST" duration-ms="2209" status="PASS">
          <reporter-output>
          </reporter-output>
        </test-method> <!-- openHome -->
        <test-method signature="testFacebookIcon()[pri:3, instance:tests.HomeTests@79c5636f]" started-at="2026-05-03T23:44:55 IST" name="testFacebookIcon" finished-at="2026-05-03T23:44:55 IST" duration-ms="145" status="PASS">
          <reporter-output>
          </reporter-output>
        </test-method> <!-- testFacebookIcon -->
        <test-method is-config="true" signature="openHome()[pri:0, instance:tests.HomeTests@79c5636f]" started-at="2026-05-03T23:44:55 IST" name="openHome" finished-at="2026-05-03T23:44:57 IST" duration-ms="1662" status="PASS">
          <reporter-output>
          </reporter-output>
        </test-method> <!-- openHome -->
        <test-method signature="testHoverMenu(java.lang.String)[pri:4, instance:tests.HomeTests@79c5636f]" started-at="2026-05-03T23:44:57 IST" name="testHoverMenu" data-provider="menus" finished-at="2026-05-03T23:45:07 IST" duration-ms="10366" status="PASS">
          <params>
            <param index="0">
              <value>
                <![CDATA[Health and Wellness]]>
              </value>
            </param>
          </params>
          <reporter-output>
          </reporter-output>
        </test-method> <!-- testHoverMenu -->
        <test-method is-config="true" signature="openHome()[pri:0, instance:tests.HomeTests@79c5636f]" started-at="2026-05-03T23:45:07 IST" name="openHome" finished-at="2026-05-03T23:45:09 IST" duration-ms="1527" status="PASS">
          <reporter-output>
          </reporter-output>
        </test-method> <!-- openHome -->
        <test-method signature="testHoverMenu(java.lang.String)[pri:4, instance:tests.HomeTests@79c5636f]" started-at="2026-05-03T23:45:09 IST" name="testHoverMenu" data-provider="menus" finished-at="2026-05-03T23:45:19 IST" duration-ms="10308" status="PASS">
          <params>
            <param index="0">
              <value>
                <![CDATA[Respiratory Care]]>
              </value>
            </param>
          </params>
          <reporter-output>
          </reporter-output>
        </test-method> <!-- testHoverMenu -->
        <test-method is-config="true" signature="openHome()[pri:0, instance:tests.HomeTests@79c5636f]" started-at="2026-05-03T23:45:19 IST" name="openHome" finished-at="2026-05-03T23:45:20 IST" duration-ms="1573" status="PASS">
          <reporter-output>
          </reporter-output>
        </test-method> <!-- openHome -->
        <test-method signature="testHoverMenu(java.lang.String)[pri:4, instance:tests.HomeTests@79c5636f]" started-at="2026-05-03T23:45:20 IST" name="testHoverMenu" data-provider="menus" finished-at="2026-05-03T23:45:31 IST" duration-ms="10350" status="PASS">
          <params>
            <param index="0">
              <value>
                <![CDATA[Mobility & Patient Aid]]>
              </value>
            </param>
          </params>
          <reporter-output>
          </reporter-output>
        </test-method> <!-- testHoverMenu -->
        <test-method is-config="true" signature="openHome()[pri:0, instance:tests.HomeTests@79c5636f]" started-at="2026-05-03T23:45:31 IST" name="openHome" finished-at="2026-05-03T23:45:32 IST" duration-ms="1095" status="PASS">
          <reporter-output>
          </reporter-output>
        </test-method> <!-- openHome -->
        <test-method signature="testHoverMenu(java.lang.String)[pri:4, instance:tests.HomeTests@79c5636f]" started-at="2026-05-03T23:45:32 IST" name="testHoverMenu" data-provider="menus" finished-at="2026-05-03T23:45:42 IST" duration-ms="10402" status="PASS">
          <params>
            <param index="0">
              <value>
                <![CDATA[Personal Care & Hygiene]]>
              </value>
            </param>
          </params>
          <reporter-output>
          </reporter-output>
        </test-method> <!-- testHoverMenu -->
        <test-method is-config="true" signature="openHome()[pri:0, instance:tests.HomeTests@79c5636f]" started-at="2026-05-03T23:45:42 IST" name="openHome" finished-at="2026-05-03T23:45:44 IST" duration-ms="1267" status="PASS">
          <reporter-output>
          </reporter-output>
        </test-method> <!-- openHome -->
        <test-method signature="testHoverMenu(java.lang.String)[pri:4, instance:tests.HomeTests@79c5636f]" started-at="2026-05-03T23:45:44 IST" name="testHoverMenu" data-provider="menus" finished-at="2026-05-03T23:45:54 IST" duration-ms="10337" status="PASS">
          <params>
            <param index="0">
              <value>
                <![CDATA[Orthopedic Support]]>
              </value>
            </param>
          </params>
          <reporter-output>
          </reporter-output>
        </test-method> <!-- testHoverMenu -->
        <test-method is-config="true" signature="openHome()[pri:0, instance:tests.HomeTests@79c5636f]" started-at="2026-05-03T23:45:54 IST" name="openHome" finished-at="2026-05-03T23:45:55 IST" duration-ms="1297" status="PASS">
          <reporter-output>
          </reporter-output>
        </test-method> <!-- openHome -->
        <test-method signature="testHoverMenu(java.lang.String)[pri:4, instance:tests.HomeTests@79c5636f]" started-at="2026-05-03T23:45:55 IST" name="testHoverMenu" data-provider="menus" finished-at="2026-05-03T23:46:07 IST" duration-ms="11641" status="PASS">
          <params>
            <param index="0">
              <value>
                <![CDATA[Weighing Scales]]>
              </value>
            </param>
          </params>
          <reporter-output>
          </reporter-output>
        </test-method> <!-- testHoverMenu -->
        <test-method is-config="true" signature="openHome()[pri:0, instance:tests.HomeTests@79c5636f]" started-at="2026-05-03T23:46:07 IST" name="openHome" finished-at="2026-05-03T23:46:08 IST" duration-ms="1083" status="PASS">
          <reporter-output>
          </reporter-output>
        </test-method> <!-- openHome -->
        <test-method signature="testHealthAndWellness()[pri:5, instance:tests.HomeTests@79c5636f]" started-at="2026-05-03T23:46:08 IST" name="testHealthAndWellness" finished-at="2026-05-03T23:46:20 IST" duration-ms="11817" status="PASS">
          <reporter-output>
          </reporter-output>
        </test-method> <!-- testHealthAndWellness -->
        <test-method is-config="true" signature="openHome()[pri:0, instance:tests.HomeTests@79c5636f]" started-at="2026-05-03T23:46:20 IST" name="openHome" finished-at="2026-05-03T23:46:22 IST" duration-ms="2222" status="PASS">
          <reporter-output>
          </reporter-output>
        </test-method> <!-- openHome -->
        <test-method signature="testRespiratoryCare()[pri:6, instance:tests.HomeTests@79c5636f]" started-at="2026-05-03T23:46:22 IST" name="testRespiratoryCare" finished-at="2026-05-03T23:46:33 IST" duration-ms="11194" status="PASS">
          <reporter-output>
          </reporter-output>
        </test-method> <!-- testRespiratoryCare -->
        <test-method is-config="true" signature="openHome()[pri:0, instance:tests.HomeTests@79c5636f]" started-at="2026-05-03T23:46:33 IST" name="openHome" finished-at="2026-05-03T23:46:35 IST" duration-ms="1954" status="PASS">
          <reporter-output>
          </reporter-output>
        </test-method> <!-- openHome -->
        <test-method signature="testMobility()[pri:7, instance:tests.HomeTests@79c5636f]" started-at="2026-05-03T23:46:35 IST" name="testMobility" finished-at="2026-05-03T23:46:46 IST" duration-ms="11211" status="PASS">
          <reporter-output>
          </reporter-output>
        </test-method> <!-- testMobility -->
        <test-method is-config="true" signature="openHome()[pri:0, instance:tests.HomeTests@79c5636f]" started-at="2026-05-03T23:46:46 IST" name="openHome" finished-at="2026-05-03T23:46:47 IST" duration-ms="1064" status="PASS">
          <reporter-output>
          </reporter-output>
        </test-method> <!-- openHome -->
        <test-method signature="testPersonalCare()[pri:8, instance:tests.HomeTests@79c5636f]" started-at="2026-05-03T23:46:47 IST" name="testPersonalCare" finished-at="2026-05-03T23:46:59 IST" duration-ms="11248" status="PASS">
          <reporter-output>
          </reporter-output>
        </test-method> <!-- testPersonalCare -->
        <test-method is-config="true" signature="openHome()[pri:0, instance:tests.HomeTests@79c5636f]" started-at="2026-05-03T23:46:59 IST" name="openHome" finished-at="2026-05-03T23:47:00 IST" duration-ms="1170" status="PASS">
          <reporter-output>
          </reporter-output>
        </test-method> <!-- openHome -->
        <test-method signature="testOrthopedic()[pri:9, instance:tests.HomeTests@79c5636f]" started-at="2026-05-03T23:47:00 IST" name="testOrthopedic" finished-at="2026-05-03T23:47:11 IST" duration-ms="11237" status="PASS">
          <reporter-output>
          </reporter-output>
        </test-method> <!-- testOrthopedic -->
        <test-method is-config="true" signature="openHome()[pri:0, instance:tests.HomeTests@79c5636f]" started-at="2026-05-03T23:47:11 IST" name="openHome" finished-at="2026-05-03T23:47:12 IST" duration-ms="1193" status="PASS">
          <reporter-output>
          </reporter-output>
        </test-method> <!-- openHome -->
        <test-method signature="testWeighingScales()[pri:10, instance:tests.HomeTests@79c5636f]" started-at="2026-05-03T23:47:12 IST" name="testWeighingScales" finished-at="2026-05-03T23:47:24 IST" duration-ms="11293" status="PASS">
          <reporter-output>
          </reporter-output>
        </test-method> <!-- testWeighingScales -->
        <test-method is-config="true" signature="tearDown()[pri:0, instance:tests.HomeTests@79c5636f]" started-at="2026-05-03T23:47:24 IST" name="tearDown" finished-at="2026-05-03T23:47:25 IST" duration-ms="1820" status="PASS">
          <reporter-output>
          </reporter-output>
        </test-method> <!-- tearDown -->
      </class> <!-- tests.HomeTests -->
    </test> <!-- Default test -->
  </suite> <!-- Default suite -->
</testng-results>
