<?xml version="1.0" encoding="UTF-8"?>
<!-- Generated by org.testng.reporters.JUnitReportReporter -->
<testsuite hostname="AshrafAnsari" failures="0" tests="3" name="tests.EzLifeTests" time="14.767" errors="0" timestamp="2026-04-14T23:04:40 IST" skipped="0">
  <testcase classname="tests.EzLifeTests" name="testHomePageTitleAndLogo" time="0.453"/>
  <testcase classname="tests.EzLifeTests" name="testPopupClosed" time="10.742"/>
  <testcase classname="tests.EzLifeTests" name="verifyClickProductOnHomePage" time="3.572"/>
</testsuite> <!-- tests.EzLifeTests -->
