<?xml version="1.0" encoding="UTF-8"?>
<!-- Generated by org.testng.reporters.JUnitReportReporter -->
<testsuite hostname="AshrafAnsari" failures="0" tests="15" name="tests.HomeTests" time="180.318" errors="0" timestamp="2026-05-03T23:11:34 IST" skipped="0">
  <testcase classname="tests.HomeTests" name="testLogo" time="2.208"/>
  <testcase classname="tests.HomeTests" name="testPopupClose" time="13.688"/>
  <testcase classname="tests.HomeTests" name="testFacebookIcon" time="9.775"/>
  <testcase classname="tests.HomeTests" name="testHoverHeaderMenu" time="11.593"/>
  <testcase classname="tests.HomeTests" name="testHoverHeaderMenu" time="11.610"/>
  <testcase classname="tests.HomeTests" name="testHoverHeaderMenu" time="11.528"/>
  <testcase classname="tests.HomeTests" name="testHoverHeaderMenu" time="13.037"/>
  <testcase classname="tests.HomeTests" name="testHoverHeaderMenu" time="11.459"/>
  <testcase classname="tests.HomeTests" name="testHoverHeaderMenu" time="12.885"/>
  <testcase classname="tests.HomeTests" name="clickHealthAndWellness" time="14.751"/>
  <testcase classname="tests.HomeTests" name="clickRespiratoryCare" time="14.716"/>
  <testcase classname="tests.HomeTests" name="clickMobilityAndPatientAid" time="12.504"/>
  <testcase classname="tests.HomeTests" name="clickPersonalCareAndHygiene" time="12.914"/>
  <testcase classname="tests.HomeTests" name="clickOrthopedicSupport" time="12.612"/>
  <testcase classname="tests.HomeTests" name="clickWeighingScales" time="15.038"/>
</testsuite> <!-- tests.HomeTests -->
