<?xml version="1.0" encoding="UTF-8"?>
<!-- Generated by org.testng.reporters.JUnitReportReporter -->
<testsuite hostname="AshrafAnsari" failures="0" tests="9" name="tests.HomeTests" time="97.792" errors="0" timestamp="2026-05-03T16:24:06 IST" skipped="0">
  <testcase classname="tests.HomeTests" name="testLogo" time="1.493"/>
  <testcase classname="tests.HomeTests" name="testPopupClose" time="13.930"/>
  <testcase classname="tests.HomeTests" name="testFacebookIcon" time="2.536"/>
  <testcase classname="tests.HomeTests" name="testHoverHeaderMenu" time="13.008"/>
  <testcase classname="tests.HomeTests" name="testHoverHeaderMenu" time="12.875"/>
  <testcase classname="tests.HomeTests" name="testHoverHeaderMenu" time="10.760"/>
  <testcase classname="tests.HomeTests" name="testHoverHeaderMenu" time="12.922"/>
  <testcase classname="tests.HomeTests" name="testHoverHeaderMenu" time="17.044"/>
  <testcase classname="tests.HomeTests" name="testHoverHeaderMenu" time="13.224"/>
</testsuite> <!-- tests.HomeTests -->
