<?xml version="1.0" encoding="UTF-8"?>
<!-- Generated by org.testng.reporters.JUnitReportReporter -->
<testsuite hostname="AshrafAnsari" failures="0" tests="3" name="tests.HomeTests" time="17.591" errors="0" timestamp="2026-05-02T13:53:45 IST" skipped="0">
  <testcase classname="tests.HomeTests" name="testLogo" time="1.108"/>
  <testcase classname="tests.HomeTests" name="testPopupClose" time="8.523"/>
  <testcase classname="tests.HomeTests" name="testFacebookIcon" time="7.960"/>
</testsuite> <!-- tests.HomeTests -->
